Using /home/parham/Documents/MyPersonalWorks/Android/MyApps/sesampy_mobile as base directory
CURRENT PATH1: /home/parham/Documents/MyPersonalWorks/Android/MyApps/sesampy_mobile/core
Found config file '.syncconfig' in '/home/parham/Documents/MyPersonalWorks/Android/MyApps/sesampy_mobile/core'
Cannot locate config file '.sesamconfig.json' in current or parent folder. Proceeding without it.
Connecting to Sesam using url 'https://datahub-b2943680.sesam.cloud/api' and JWT 'eyJ0eXAiOi*********UiwS_8FHDQ'
GET env vars from https://datahub-b2943680.sesam.cloud/api
Deleting pipe config file 'pipes/xxxxxx-address-transform.conf.json'
Deleting pipe config file 'pipes/xxxxxx-contact-transform.conf.json'
Deleting pipe config file 'pipes/xxxxxx-customercategory-transform.conf.json'
Deleting pipe config file 'pipes/xxxxxx-country-collect.conf.json'
Deleting pipe config file 'pipes/xxxxxx-product-transform.conf.json'
Deleting pipe config file 'pipes/xxxxxx-orderline-transform.conf.json'
Deleting pipe config file 'pipes/xxxxxx-project-transform.conf.json'
Deleting pipe config file 'pipes/xxxxxx-contact-event2.conf.json'
Deleting pipe config file 'pipes/xxxxxx-invoice-all.conf.json'
Deleting pipe config file 'pipes/xxxxxx-supplier-all.conf.json'
Deleting pipe config file 'pipes/xxxxxx-productgrouprelation-transform.conf.json'
Deleting pipe config file 'pipes/xxxxxx-employee-share.conf.json'
Deleting pipe config file 'pipes/xxxxxx-order-transform.conf.json'
Deleting pipe config file 'pipes/xxxxxx-vattype-transform.conf.json'
Deleting pipe config file 'pipes/xxxxxx-currency-collect.conf.json'
Deleting pipe config file 'pipes/xxxxxx-order-event.conf.json'
Deleting pipe config file 'pipes/xxxxxx-currency-transform.conf.json'
Deleting pipe config file 'pipes/xxxxxx-project-event.conf.json'
Deleting pipe config file 'pipes/xxxxxx-project-event2.conf.json'
Deleting pipe config file 'pipes/xxxxxx-employee-event2.conf.json'
Deleting pipe config file 'pipes/xxxxxx-supplier-collect.conf.json'
Deleting pipe config file 'pipes/xxxxxx-orderline-all.conf.json'
Deleting pipe config file 'pipes/xxxxxx-invoice-event.conf.json'
Deleting pipe config file 'pipes/xxxxxx-order-all.conf.json'
Deleting pipe config file 'pipes/xxxxxx-project-share.conf.json'
Deleting pipe config file 'pipes/xxxxxx-invoice-collect.conf.json'
Deleting pipe config file 'pipes/xxxxxx-productgroup-share.conf.json'
Deleting pipe config file 'pipes/xxxxxx-invoice-transform.conf.json'
Deleting pipe config file 'pipes/xxxxxx-order-event2.conf.json'
Deleting pipe config file 'pipes/xxxxxx-product-registerwebhook.conf.json'
Deleting pipe config file 'pipes/xxxxxx-address-share.conf.json'
Deleting pipe config file 'pipes/xxxxxx-order-registerwebhook.conf.json'
Deleting pipe config file 'pipes/xxxxxx-productgroup-transform.conf.json'
Deleting pipe config file 'pipes/xxxxxx-customer-share.conf.json'
Deleting pipe config file 'pipes/xxxxxx-supplier-registerwebhook.conf.json'
Deleting pipe config file 'pipes/xxxxxx-productunit-share.conf.json'
Deleting pipe config file 'pipes/xxxxxx-customer-transform.conf.json'
Deleting pipe config file 'pipes/xxxxxx-customercategory-collect.conf.json'
Deleting pipe config file 'pipes/xxxxxx-productgrouprelation-collect.conf.json'
Deleting pipe config file 'pipes/xxxxxx-customer-collect.conf.json'
Deleting pipe config file 'pipes/xxxxxx-orderline-all2.conf.json'
Deleting pipe config file 'pipes/xxxxxx-supplier-event.conf.json'
Deleting pipe config file 'pipes/xxxxxx-product-collect.conf.json'
Deleting pipe config file 'pipes/xxxxxx-supplier-event2.conf.json'
Deleting pipe config file 'pipes/xxxxxx-customer-all.conf.json'
Deleting pipe config file 'pipes/xxxxxx-productunit-collect.conf.json'
Deleting pipe config file 'pipes/xxxxxx-invoice-event2.conf.json'
Deleting pipe config file 'pipes/xxxxxx-customercategory-share.conf.json'
Deleting pipe config file 'pipes/xxxxxx-contact-collect.conf.json'
Deleting pipe config file 'pipes/xxxxxx-address-collect.conf.json'
Deleting pipe config file 'pipes/xxxxxx-projectcategory-transform.conf.json'
Deleting pipe config file 'pipes/xxxxxx-contact-share.conf.json'
Deleting pipe config file 'pipes/xxxxxx-contact-event.conf.json'
Deleting pipe config file 'pipes/xxxxxx-employee-transform.conf.json'
Deleting pipe config file 'pipes/xxxxxx-employee-event.conf.json'
Deleting pipe config file 'pipes/xxxxxx-customer-event2.conf.json'
Deleting pipe config file 'pipes/xxxxxx-product-event2.conf.json'
Deleting pipe config file 'pipes/xxxxxx-employee-registerwebhook.conf.json'
Deleting pipe config file 'pipes/xxxxxx-customer-event.conf.json'
Deleting pipe config file 'pipes/xxxxxx-product-event.conf.json'
Deleting pipe config file 'pipes/xxxxxx-vattype-collect.conf.json'
Deleting pipe config file 'pipes/xxxxxx-country-transform.conf.json'
Deleting pipe config file 'pipes/xxxxxx-employee-collect.conf.json'
Deleting pipe config file 'pipes/xxxxxx-invoice-registerwebhook.conf.json'
Deleting pipe config file 'pipes/xxxxxx-projectcategory-collect.conf.json'
Deleting pipe config file 'pipes/xxxxxx-order-collect.conf.json'
Deleting pipe config file 'pipes/xxxxxx-orderline-share.conf.json'
Deleting pipe config file 'pipes/xxxxxx-webhook-collect.conf.json'
Deleting pipe config file 'pipes/xxxxxx-productgroup-collect.conf.json'
Deleting pipe config file 'pipes/xxxxxx-customer-registerwebhook.conf.json'
Deleting pipe config file 'pipes/xxxxxx-productunit-transform.conf.json'
Deleting pipe config file 'pipes/xxxxxx-supplier-transform.conf.json'
Deleting pipe config file 'pipes/xxxxxx-supplier-share.conf.json'
Deleting pipe config file 'pipes/xxxxxx-project-collect.conf.json'
Deleting pipe config file 'pipes/xxxxxx-project-all.conf.json'
Deleting pipe config file 'pipes/xxxxxx-productgrouprelation-share.conf.json'
Deleting pipe config file 'pipes/xxxxxx-employee-all.conf.json'
Deleting pipe config file 'pipes/xxxxxx-product-share.conf.json'
Deleting pipe config file 'pipes/xxxxxx-orderline-collect.conf.json'
Deleting pipe config file 'pipes/xxxxxx-contact-all.conf.json'
Deleting pipe config file 'pipes/xxxxxx-contact-registerwebhook.conf.json'
Deleting pipe config file 'pipes/xxxxxx-product-all.conf.json'
Deleting pipe config file 'pipes/xxxxxx-projectcategory-share.conf.json'
Deleting pipe config file 'pipes/xxxxxx-project-registerwebhook.conf.json'
Deleting pipe config file 'pipes/xxxxxx-webhook-transform.conf.json'
Deleting pipe config file 'pipes/xxxxxx-order-share.conf.json'
Deleting system config file 'systems/xxxxxx.conf.json'
Replaced local config successfully
Total run time was 2 seconds
Using /home/parham/Documents/MyPersonalWorks/Android/MyApps/sesampy_mobile as base directory
CURRENT PATH1: /home/parham/Documents/MyPersonalWorks/Android/MyApps/sesampy_mobile/core
Found config file '.syncconfig' in '/home/parham/Documents/MyPersonalWorks/Android/MyApps/sesampy_mobile/core'
Cannot locate config file '.sesamconfig.json' in current or parent folder. Proceeding without it.
Connecting to Sesam using url 'https://datahub-b2943680.sesam.cloud/api' and JWT 'eyJ0eXAiOi*********UiwS_8FHDQ'
GET env vars from https://datahub-b2943680.sesam.cloud/api
Deleting pipe config file 'pipes/xxxxxx-address-transform.conf.json'
Deleting pipe config file 'pipes/xxxxxx-contact-transform.conf.json'
Deleting pipe config file 'pipes/xxxxxx-customercategory-transform.conf.json'
Deleting pipe config file 'pipes/xxxxxx-country-collect.conf.json'
Deleting pipe config file 'pipes/xxxxxx-product-transform.conf.json'
Deleting pipe config file 'pipes/xxxxxx-orderline-transform.conf.json'
Deleting pipe config file 'pipes/xxxxxx-project-transform.conf.json'
Deleting pipe config file 'pipes/xxxxxx-contact-event2.conf.json'
Deleting pipe config file 'pipes/xxxxxx-invoice-all.conf.json'
Deleting pipe config file 'pipes/xxxxxx-supplier-all.conf.json'
Deleting pipe config file 'pipes/xxxxxx-productgrouprelation-transform.conf.json'
Deleting pipe config file 'pipes/xxxxxx-employee-share.conf.json'
Deleting pipe config file 'pipes/xxxxxx-order-transform.conf.json'
Deleting pipe config file 'pipes/xxxxxx-vattype-transform.conf.json'
Deleting pipe config file 'pipes/xxxxxx-currency-collect.conf.json'
Deleting pipe config file 'pipes/xxxxxx-order-event.conf.json'
Deleting pipe config file 'pipes/xxxxxx-currency-transform.conf.json'
Deleting pipe config file 'pipes/xxxxxx-project-event.conf.json'
Deleting pipe config file 'pipes/xxxxxx-project-event2.conf.json'
Deleting pipe config file 'pipes/xxxxxx-employee-event2.conf.json'
Deleting pipe config file 'pipes/xxxxxx-supplier-collect.conf.json'
Deleting pipe config file 'pipes/xxxxxx-orderline-all.conf.json'
Deleting pipe config file 'pipes/xxxxxx-invoice-event.conf.json'
Deleting pipe config file 'pipes/xxxxxx-order-all.conf.json'
Deleting pipe config file 'pipes/xxxxxx-project-share.conf.json'
Deleting pipe config file 'pipes/xxxxxx-invoice-collect.conf.json'
Deleting pipe config file 'pipes/xxxxxx-productgroup-share.conf.json'
Deleting pipe config file 'pipes/xxxxxx-invoice-transform.conf.json'
Deleting pipe config file 'pipes/xxxxxx-order-event2.conf.json'
Deleting pipe config file 'pipes/xxxxxx-product-registerwebhook.conf.json'
Deleting pipe config file 'pipes/xxxxxx-address-share.conf.json'
Deleting pipe config file 'pipes/xxxxxx-order-registerwebhook.conf.json'
Deleting pipe config file 'pipes/xxxxxx-productgroup-transform.conf.json'
Deleting pipe config file 'pipes/xxxxxx-customer-share.conf.json'
Deleting pipe config file 'pipes/xxxxxx-supplier-registerwebhook.conf.json'
Deleting pipe config file 'pipes/xxxxxx-productunit-share.conf.json'
Deleting pipe config file 'pipes/xxxxxx-customer-transform.conf.json'
Deleting pipe config file 'pipes/xxxxxx-customercategory-collect.conf.json'
Deleting pipe config file 'pipes/xxxxxx-productgrouprelation-collect.conf.json'
Deleting pipe config file 'pipes/xxxxxx-customer-collect.conf.json'
Deleting pipe config file 'pipes/xxxxxx-orderline-all2.conf.json'
Deleting pipe config file 'pipes/xxxxxx-supplier-event.conf.json'
Deleting pipe config file 'pipes/xxxxxx-product-collect.conf.json'
Deleting pipe config file 'pipes/xxxxxx-supplier-event2.conf.json'
Deleting pipe config file 'pipes/xxxxxx-customer-all.conf.json'
Deleting pipe config file 'pipes/xxxxxx-productunit-collect.conf.json'
Deleting pipe config file 'pipes/xxxxxx-invoice-event2.conf.json'
Deleting pipe config file 'pipes/xxxxxx-customercategory-share.conf.json'
Deleting pipe config file 'pipes/xxxxxx-contact-collect.conf.json'
Deleting pipe config file 'pipes/xxxxxx-address-collect.conf.json'
Deleting pipe config file 'pipes/xxxxxx-projectcategory-transform.conf.json'
Deleting pipe config file 'pipes/xxxxxx-contact-share.conf.json'
Deleting pipe config file 'pipes/xxxxxx-contact-event.conf.json'
Deleting pipe config file 'pipes/xxxxxx-employee-transform.conf.json'
Deleting pipe config file 'pipes/xxxxxx-employee-event.conf.json'
Deleting pipe config file 'pipes/xxxxxx-customer-event2.conf.json'
Deleting pipe config file 'pipes/xxxxxx-product-event2.conf.json'
Deleting pipe config file 'pipes/xxxxxx-employee-registerwebhook.conf.json'
Deleting pipe config file 'pipes/xxxxxx-customer-event.conf.json'
Deleting pipe config file 'pipes/xxxxxx-product-event.conf.json'
Deleting pipe config file 'pipes/xxxxxx-vattype-collect.conf.json'
Deleting pipe config file 'pipes/xxxxxx-country-transform.conf.json'
Deleting pipe config file 'pipes/xxxxxx-employee-collect.conf.json'
Deleting pipe config file 'pipes/xxxxxx-invoice-registerwebhook.conf.json'
Deleting pipe config file 'pipes/xxxxxx-projectcategory-collect.conf.json'
Deleting pipe config file 'pipes/xxxxxx-order-collect.conf.json'
Deleting pipe config file 'pipes/xxxxxx-orderline-share.conf.json'
Deleting pipe config file 'pipes/xxxxxx-webhook-collect.conf.json'
Deleting pipe config file 'pipes/xxxxxx-productgroup-collect.conf.json'
Deleting pipe config file 'pipes/xxxxxx-customer-registerwebhook.conf.json'
Deleting pipe config file 'pipes/xxxxxx-productunit-transform.conf.json'
Deleting pipe config file 'pipes/xxxxxx-supplier-transform.conf.json'
Deleting pipe config file 'pipes/xxxxxx-supplier-share.conf.json'
Deleting pipe config file 'pipes/xxxxxx-project-collect.conf.json'
Deleting pipe config file 'pipes/xxxxxx-project-all.conf.json'
Deleting pipe config file 'pipes/xxxxxx-productgrouprelation-share.conf.json'
Deleting pipe config file 'pipes/xxxxxx-employee-all.conf.json'
Deleting pipe config file 'pipes/xxxxxx-product-share.conf.json'
Deleting pipe config file 'pipes/xxxxxx-orderline-collect.conf.json'
Deleting pipe config file 'pipes/xxxxxx-contact-all.conf.json'
Deleting pipe config file 'pipes/xxxxxx-contact-registerwebhook.conf.json'
Deleting pipe config file 'pipes/xxxxxx-product-all.conf.json'
Deleting pipe config file 'pipes/xxxxxx-projectcategory-share.conf.json'
Deleting pipe config file 'pipes/xxxxxx-project-registerwebhook.conf.json'
Deleting pipe config file 'pipes/xxxxxx-webhook-transform.conf.json'
Deleting pipe config file 'pipes/xxxxxx-order-share.conf.json'
Deleting system config file 'systems/xxxxxx.conf.json'
Replaced local config successfully
Total run time was 2 seconds
Using /home/parham/Documents/MyPersonalWorks/Android/MyApps/sesampy_mobile as base directory
CURRENT PATH1: /home/parham/Documents/MyPersonalWorks/Android/MyApps/sesampy_mobile/core
Found config file '.syncconfig' in '/home/parham/Documents/MyPersonalWorks/Android/MyApps/sesampy_mobile/core'
Cannot locate config file '.sesamconfig.json' in current or parent folder. Proceeding without it.
Connecting to Sesam using url 'https://datahub-b2943680.sesam.cloud/api' and JWT 'eyJ0eXAiOi*********UiwS_8FHDQ'
GET env vars from https://datahub-b2943680.sesam.cloud/api
Deleting pipe config file 'pipes/xxxxxx-address-transform.conf.json'
Deleting pipe config file 'pipes/xxxxxx-contact-transform.conf.json'
Deleting pipe config file 'pipes/xxxxxx-customercategory-transform.conf.json'
Deleting pipe config file 'pipes/xxxxxx-country-collect.conf.json'
Deleting pipe config file 'pipes/xxxxxx-product-transform.conf.json'
Deleting pipe config file 'pipes/xxxxxx-orderline-transform.conf.json'
Deleting pipe config file 'pipes/xxxxxx-project-transform.conf.json'
Deleting pipe config file 'pipes/xxxxxx-contact-event2.conf.json'
Deleting pipe config file 'pipes/xxxxxx-invoice-all.conf.json'
Deleting pipe config file 'pipes/xxxxxx-supplier-all.conf.json'
Deleting pipe config file 'pipes/xxxxxx-productgrouprelation-transform.conf.json'
Deleting pipe config file 'pipes/xxxxxx-employee-share.conf.json'
Deleting pipe config file 'pipes/xxxxxx-order-transform.conf.json'
Deleting pipe config file 'pipes/xxxxxx-vattype-transform.conf.json'
Deleting pipe config file 'pipes/xxxxxx-currency-collect.conf.json'
Deleting pipe config file 'pipes/xxxxxx-order-event.conf.json'
Deleting pipe config file 'pipes/xxxxxx-currency-transform.conf.json'
Deleting pipe config file 'pipes/xxxxxx-project-event.conf.json'
Deleting pipe config file 'pipes/xxxxxx-project-event2.conf.json'
Deleting pipe config file 'pipes/xxxxxx-employee-event2.conf.json'
Deleting pipe config file 'pipes/xxxxxx-supplier-collect.conf.json'
Deleting pipe config file 'pipes/xxxxxx-orderline-all.conf.json'
Deleting pipe config file 'pipes/xxxxxx-invoice-event.conf.json'
Deleting pipe config file 'pipes/xxxxxx-order-all.conf.json'
Deleting pipe config file 'pipes/xxxxxx-project-share.conf.json'
Deleting pipe config file 'pipes/xxxxxx-invoice-collect.conf.json'
Deleting pipe config file 'pipes/xxxxxx-productgroup-share.conf.json'
Deleting pipe config file 'pipes/xxxxxx-invoice-transform.conf.json'
Deleting pipe config file 'pipes/xxxxxx-order-event2.conf.json'
Deleting pipe config file 'pipes/xxxxxx-product-registerwebhook.conf.json'
Deleting pipe config file 'pipes/xxxxxx-address-share.conf.json'
Deleting pipe config file 'pipes/xxxxxx-order-registerwebhook.conf.json'
Deleting pipe config file 'pipes/xxxxxx-productgroup-transform.conf.json'
Deleting pipe config file 'pipes/xxxxxx-customer-share.conf.json'
Deleting pipe config file 'pipes/xxxxxx-supplier-registerwebhook.conf.json'
Deleting pipe config file 'pipes/xxxxxx-productunit-share.conf.json'
Deleting pipe config file 'pipes/xxxxxx-customer-transform.conf.json'
Deleting pipe config file 'pipes/xxxxxx-customercategory-collect.conf.json'
Deleting pipe config file 'pipes/xxxxxx-productgrouprelation-collect.conf.json'
Deleting pipe config file 'pipes/xxxxxx-customer-collect.conf.json'
Deleting pipe config file 'pipes/xxxxxx-orderline-all2.conf.json'
Deleting pipe config file 'pipes/xxxxxx-supplier-event.conf.json'
Deleting pipe config file 'pipes/xxxxxx-product-collect.conf.json'
Deleting pipe config file 'pipes/xxxxxx-supplier-event2.conf.json'
Deleting pipe config file 'pipes/xxxxxx-customer-all.conf.json'
Deleting pipe config file 'pipes/xxxxxx-productunit-collect.conf.json'
Deleting pipe config file 'pipes/xxxxxx-invoice-event2.conf.json'
Deleting pipe config file 'pipes/xxxxxx-customercategory-share.conf.json'
Deleting pipe config file 'pipes/xxxxxx-contact-collect.conf.json'
Deleting pipe config file 'pipes/xxxxxx-address-collect.conf.json'
Deleting pipe config file 'pipes/xxxxxx-projectcategory-transform.conf.json'
Deleting pipe config file 'pipes/xxxxxx-contact-share.conf.json'
Deleting pipe config file 'pipes/xxxxxx-contact-event.conf.json'
Deleting pipe config file 'pipes/xxxxxx-employee-transform.conf.json'
Deleting pipe config file 'pipes/xxxxxx-employee-event.conf.json'
Deleting pipe config file 'pipes/xxxxxx-customer-event2.conf.json'
Deleting pipe config file 'pipes/xxxxxx-product-event2.conf.json'
Deleting pipe config file 'pipes/xxxxxx-employee-registerwebhook.conf.json'
Deleting pipe config file 'pipes/xxxxxx-customer-event.conf.json'
Deleting pipe config file 'pipes/xxxxxx-product-event.conf.json'
Deleting pipe config file 'pipes/xxxxxx-vattype-collect.conf.json'
Deleting pipe config file 'pipes/xxxxxx-country-transform.conf.json'
Deleting pipe config file 'pipes/xxxxxx-employee-collect.conf.json'
Deleting pipe config file 'pipes/xxxxxx-invoice-registerwebhook.conf.json'
Deleting pipe config file 'pipes/xxxxxx-projectcategory-collect.conf.json'
Deleting pipe config file 'pipes/xxxxxx-order-collect.conf.json'
Deleting pipe config file 'pipes/xxxxxx-orderline-share.conf.json'
Deleting pipe config file 'pipes/xxxxxx-webhook-collect.conf.json'
Deleting pipe config file 'pipes/xxxxxx-productgroup-collect.conf.json'
Deleting pipe config file 'pipes/xxxxxx-customer-registerwebhook.conf.json'
Deleting pipe config file 'pipes/xxxxxx-productunit-transform.conf.json'
Deleting pipe config file 'pipes/xxxxxx-supplier-transform.conf.json'
Deleting pipe config file 'pipes/xxxxxx-supplier-share.conf.json'
Deleting pipe config file 'pipes/xxxxxx-project-collect.conf.json'
Deleting pipe config file 'pipes/xxxxxx-project-all.conf.json'
Deleting pipe config file 'pipes/xxxxxx-productgrouprelation-share.conf.json'
Deleting pipe config file 'pipes/xxxxxx-employee-all.conf.json'
Deleting pipe config file 'pipes/xxxxxx-product-share.conf.json'
Deleting pipe config file 'pipes/xxxxxx-orderline-collect.conf.json'
Deleting pipe config file 'pipes/xxxxxx-contact-all.conf.json'
Deleting pipe config file 'pipes/xxxxxx-contact-registerwebhook.conf.json'
Deleting pipe config file 'pipes/xxxxxx-product-all.conf.json'
Deleting pipe config file 'pipes/xxxxxx-projectcategory-share.conf.json'
Deleting pipe config file 'pipes/xxxxxx-project-registerwebhook.conf.json'
Deleting pipe config file 'pipes/xxxxxx-webhook-transform.conf.json'
Deleting pipe config file 'pipes/xxxxxx-order-share.conf.json'
Deleting system config file 'systems/xxxxxx.conf.json'
Replaced local config successfully
Total run time was 2 seconds
 Using /home/parham/Documents/MyPersonalWorks/Android/MyApps/sesampy_mobile as base directory
CURRENT PATH1: /home/parham/Documents/MyPersonalWorks/Android/MyApps/sesampy_mobile/core
Found config file '.syncconfig' in '/home/parham/Documents/MyPersonalWorks/Android/MyApps/sesampy_mobile/core'
Cannot locate config file '.sesamconfig.json' in current or parent folder. Proceeding without it.
Connecting to Sesam using url 'https://datahub-b2943680.sesam.cloud/api' and JWT 'eyJ0eXAiOi*********UiwS_8FHDQ'
GET env vars from https://datahub-b2943680.sesam.cloud/api
Deleting pipe config file 'pipes/xxxxxx-address-transform.conf.json'
Deleting pipe config file 'pipes/xxxxxx-contact-transform.conf.json'
Deleting pipe config file 'pipes/xxxxxx-customercategory-transform.conf.json'
Deleting pipe config file 'pipes/xxxxxx-country-collect.conf.json'
Deleting pipe config file 'pipes/xxxxxx-product-transform.conf.json'
Deleting pipe config file 'pipes/xxxxxx-orderline-transform.conf.json'
Deleting pipe config file 'pipes/xxxxxx-project-transform.conf.json'
Deleting pipe config file 'pipes/xxxxxx-contact-event2.conf.json'
Deleting pipe config file 'pipes/xxxxxx-invoice-all.conf.json'
Deleting pipe config file 'pipes/xxxxxx-supplier-all.conf.json'
Deleting pipe config file 'pipes/xxxxxx-productgrouprelation-transform.conf.json'
Deleting pipe config file 'pipes/xxxxxx-employee-share.conf.json'
Deleting pipe config file 'pipes/xxxxxx-order-transform.conf.json'
Deleting pipe config file 'pipes/xxxxxx-vattype-transform.conf.json'
Deleting pipe config file 'pipes/xxxxxx-currency-collect.conf.json'
Deleting pipe config file 'pipes/xxxxxx-order-event.conf.json'
Deleting pipe config file 'pipes/xxxxxx-currency-transform.conf.json'
Deleting pipe config file 'pipes/xxxxxx-project-event.conf.json'
Deleting pipe config file 'pipes/xxxxxx-project-event2.conf.json'
Deleting pipe config file 'pipes/xxxxxx-employee-event2.conf.json'
Deleting pipe config file 'pipes/xxxxxx-supplier-collect.conf.json'
Deleting pipe config file 'pipes/xxxxxx-orderline-all.conf.json'
Deleting pipe config file 'pipes/xxxxxx-invoice-event.conf.json'
Deleting pipe config file 'pipes/xxxxxx-order-all.conf.json'
Deleting pipe config file 'pipes/xxxxxx-project-share.conf.json'
Deleting pipe config file 'pipes/xxxxxx-invoice-collect.conf.json'
Deleting pipe config file 'pipes/xxxxxx-productgroup-share.conf.json'
Deleting pipe config file 'pipes/xxxxxx-invoice-transform.conf.json'
Deleting pipe config file 'pipes/xxxxxx-order-event2.conf.json'
Deleting pipe config file 'pipes/xxxxxx-product-registerwebhook.conf.json'
Deleting pipe config file 'pipes/xxxxxx-address-share.conf.json'
Deleting pipe config file 'pipes/xxxxxx-order-registerwebhook.conf.json'
Deleting pipe config file 'pipes/xxxxxx-productgroup-transform.conf.json'
Deleting pipe config file 'pipes/xxxxxx-customer-share.conf.json'
Deleting pipe config file 'pipes/xxxxxx-supplier-registerwebhook.conf.json'
Deleting pipe config file 'pipes/xxxxxx-productunit-share.conf.json'
Deleting pipe config file 'pipes/xxxxxx-customer-transform.conf.json'
Deleting pipe config file 'pipes/xxxxxx-customercategory-collect.conf.json'
Deleting pipe config file 'pipes/xxxxxx-productgrouprelation-collect.conf.json'
Deleting pipe config file 'pipes/xxxxxx-customer-collect.conf.json'
Deleting pipe config file 'pipes/xxxxxx-orderline-all2.conf.json'
Deleting pipe config file 'pipes/xxxxxx-supplier-event.conf.json'
Deleting pipe config file 'pipes/xxxxxx-product-collect.conf.json'
Deleting pipe config file 'pipes/xxxxxx-supplier-event2.conf.json'
Deleting pipe config file 'pipes/xxxxxx-customer-all.conf.json'
Deleting pipe config file 'pipes/xxxxxx-productunit-collect.conf.json'
Deleting pipe config file 'pipes/xxxxxx-invoice-event2.conf.json'
Deleting pipe config file 'pipes/xxxxxx-customercategory-share.conf.json'
Deleting pipe config file 'pipes/xxxxxx-contact-collect.conf.json'
Deleting pipe config file 'pipes/xxxxxx-address-collect.conf.json'
Deleting pipe config file 'pipes/xxxxxx-projectcategory-transform.conf.json'
Deleting pipe config file 'pipes/xxxxxx-contact-share.conf.json'
Deleting pipe config file 'pipes/xxxxxx-contact-event.conf.json'
Deleting pipe config file 'pipes/xxxxxx-employee-transform.conf.json'
Deleting pipe config file 'pipes/xxxxxx-employee-event.conf.json'
Deleting pipe config file 'pipes/xxxxxx-customer-event2.conf.json'
Deleting pipe config file 'pipes/xxxxxx-product-event2.conf.json'
Deleting pipe config file 'pipes/xxxxxx-employee-registerwebhook.conf.json'
Deleting pipe config file 'pipes/xxxxxx-customer-event.conf.json'
Deleting pipe config file 'pipes/xxxxxx-product-event.conf.json'
Deleting pipe config file 'pipes/xxxxxx-vattype-collect.conf.json'
Deleting pipe config file 'pipes/xxxxxx-country-transform.conf.json'
Deleting pipe config file 'pipes/xxxxxx-employee-collect.conf.json'
Deleting pipe config file 'pipes/xxxxxx-invoice-registerwebhook.conf.json'
Deleting pipe config file 'pipes/xxxxxx-projectcategory-collect.conf.json'
Deleting pipe config file 'pipes/xxxxxx-order-collect.conf.json'
Deleting pipe config file 'pipes/xxxxxx-orderline-share.conf.json'
Deleting pipe config file 'pipes/xxxxxx-webhook-collect.conf.json'
Deleting pipe config file 'pipes/xxxxxx-productgroup-collect.conf.json'
Deleting pipe config file 'pipes/xxxxxx-customer-registerwebhook.conf.json'
Deleting pipe config file 'pipes/xxxxxx-productunit-transform.conf.json'
Deleting pipe config file 'pipes/xxxxxx-supplier-transform.conf.json'
Deleting pipe config file 'pipes/xxxxxx-supplier-share.conf.json'
Deleting pipe config file 'pipes/xxxxxx-project-collect.conf.json'
Deleting pipe config file 'pipes/xxxxxx-project-all.conf.json'
Deleting pipe config file 'pipes/xxxxxx-productgrouprelation-share.conf.json'
Deleting pipe config file 'pipes/xxxxxx-employee-all.conf.json'
Deleting pipe config file 'pipes/xxxxxx-product-share.conf.json'
Deleting pipe config file 'pipes/xxxxxx-orderline-collect.conf.json'
Deleting pipe config file 'pipes/xxxxxx-contact-all.conf.json'
Deleting pipe config file 'pipes/xxxxxx-contact-registerwebhook.conf.json'
Deleting pipe config file 'pipes/xxxxxx-product-all.conf.json'
Deleting pipe config file 'pipes/xxxxxx-projectcategory-share.conf.json'
Deleting pipe config file 'pipes/xxxxxx-project-registerwebhook.conf.json'
Deleting pipe config file 'pipes/xxxxxx-webhook-transform.conf.json'
Deleting pipe config file 'pipes/xxxxxx-order-share.conf.json'
Deleting system config file 'systems/xxxxxx.conf.json'
Replaced local config successfully
Total run time was 2 seconds
